<?xml version="1.0" encoding="UTF-8"?>
<!-- Generated by org.testng.reporters.JUnitReportReporter -->
<testsuite hostname="DESKTOP-BAN4ULB" failures="0" tests="2" name="qaclickacademy.Mavenjava.RestAPITest" time="0.001" errors="0" timestamp="2020-12-26T20:56:22 IST" skipped="0">
  <testcase classname="qaclickacademy.Mavenjava.RestAPITest" name="twitterdelete" time="0.000"/>
  <system-out/>
  <testcase classname="qaclickacademy.Mavenjava.RestAPITest" name="postjira" time="0.001"/>
  <system-out/>
</testsuite> <!-- qaclickacademy.Mavenjava.RestAPITest -->
