<?xml version="1.0" encoding="UTF-8"?>
<!-- Generated by org.testng.reporters.JUnitReportReporter -->
<testsuite hostname="DESKTOP-BAN4ULB" failures="0" tests="2" name="qaclickacademy.Mavenjava.seleniumTest" time="0.004" errors="0" timestamp="2020-12-26T20:56:22 IST" skipped="0">
  <testcase classname="qaclickacademy.Mavenjava.seleniumTest" name="elementsui" time="0.001"/>
  <system-out/>
  <testcase classname="qaclickacademy.Mavenjava.seleniumTest" name="BrowserAutomation" time="0.003"/>
  <system-out/>
</testsuite> <!-- qaclickacademy.Mavenjava.seleniumTest -->
