<?xml version="1.0" encoding="UTF-8"?>
<!-- Generated by org.testng.reporters.JUnitReportReporter -->
<testsuite hostname="DESKTOP-BAN4ULB" failures="0" tests="1" name="qaclickacademy.Mavenjava.AppTest" time="0.619" errors="0" timestamp="2020-12-26T20:56:23 IST" skipped="0">
  <testcase classname="qaclickacademy.Mavenjava.AppTest" name="shouldAnswerWithTrue" time="0.619"/>
  <system-out/>
</testsuite> <!-- qaclickacademy.Mavenjava.AppTest -->
