<?xml version="1.0" encoding="UTF-8"?>
<!-- Generated by org.testng.reporters.JUnitReportReporter -->
<testsuite hostname="DESKTOP-BAN4ULB" failures="0" tests="2" name="qaclickacademy.Mavenjava.RestAPITest" time="0.017" errors="0" timestamp="2020-12-28T21:27:34 IST" skipped="0">
  <testcase classname="qaclickacademy.Mavenjava.RestAPITest" name="twitterdelete" time="0.010"/>
  <system-out/>
  <testcase classname="qaclickacademy.Mavenjava.RestAPITest" name="postjira" time="0.007"/>
  <system-out/>
</testsuite> <!-- qaclickacademy.Mavenjava.RestAPITest -->
