<?xml version="1.0" encoding="UTF-8"?>
<!-- Generated by org.testng.reporters.JUnitReportReporter -->
<testsuite hostname="DESKTOP-BAN4ULB" failures="0" tests="2" name="qaclickacademy.Mavenjava.seleniumTest" time="0.093" errors="0" timestamp="2021-01-15T16:37:00 IST" skipped="0">
  <testcase classname="qaclickacademy.Mavenjava.seleniumTest" name="elementsui" time="0.024"/>
  <system-out/>
  <testcase classname="qaclickacademy.Mavenjava.seleniumTest" name="BrowserAutomation" time="0.069"/>
  <system-out/>
</testsuite> <!-- qaclickacademy.Mavenjava.seleniumTest -->
