<?xml version="1.0" encoding="UTF-8"?>
<!-- Generated by org.testng.reporters.JUnitReportReporter -->
<testsuite hostname="DESKTOP-BAN4ULB" failures="0" tests="2" name="qaclickacademy.Mavenjava.AppiumTest" time="0.007" errors="0" timestamp="2020-12-28T10:08:18 IST" skipped="0">
  <testcase classname="qaclickacademy.Mavenjava.AppiumTest" name="Nativeappandroid" time="0.001"/>
  <system-out/>
  <testcase classname="qaclickacademy.Mavenjava.AppiumTest" name="IOSapp" time="0.006"/>
  <system-out/>
</testsuite> <!-- qaclickacademy.Mavenjava.AppiumTest -->
