<?xml version="1.0" encoding="UTF-8"?>
<!-- Generated by org.testng.reporters.JUnitReportReporter -->
<testsuite hostname="DESKTOP-BAN4ULB" failures="0" tests="2" name="qaclickacademy.Mavenjava.seleniumTest" time="0.000" errors="0" timestamp="2020-12-28T10:08:18 IST" skipped="0">
  <testcase classname="qaclickacademy.Mavenjava.seleniumTest" name="elementsui" time="0.000"/>
  <system-out/>
  <testcase classname="qaclickacademy.Mavenjava.seleniumTest" name="BrowserAutomation" time="0.000"/>
  <system-out/>
</testsuite> <!-- qaclickacademy.Mavenjava.seleniumTest -->
